<?xml version="1.0" encoding="UTF-8"?>
<!-- Generated by org.testng.reporters.JUnitReportReporter -->
<testsuite skipped="0" hostname="DESKTOP-AVN7JFN" name="com.mycompany.app.Iframe" tests="1" failures="0" timestamp="16 Mar 2020 02:02:21 GMT" time="36.385" errors="0">
  <testcase name="frames" time="36.385" classname="com.mycompany.app.Iframe"/>
</testsuite> <!-- com.mycompany.app.Iframe -->
