<?xml version="1.0" encoding="UTF-8"?>
<!-- Generated by org.testng.reporters.JUnitReportReporter -->
<testsuite skipped="0" hostname="DESKTOP-AVN7JFN" name="regressionSuiteTestNG.TestNGPractise" tests="2" failures="0" timestamp="24 Mar 2020 01:28:18 GMT" time="0.005" errors="0">
  <testcase name="UserRegistration" time="0.003" classname="regressionSuiteTestNG.TestNGPractise"/>
  <testcase name="LoginDetails" time="0.002" classname="regressionSuiteTestNG.TestNGPractise"/>
</testsuite> <!-- regressionSuiteTestNG.TestNGPractise -->
