<?xml version="1.0" encoding="UTF-8"?>
<!-- Generated by org.testng.reporters.JUnitReportReporter -->
<testsuite skipped="0" hostname="DESKTOP-AVN7JFN" name="parameterizationTestNG.DataProviders" tests="2" failures="0" timestamp="25 Mar 2020 01:34:17 GMT" time="0.016" errors="0">
  <testcase name="testData" time="0.014" classname="parameterizationTestNG.DataProviders"/>
  <testcase name="testData" time="0.002" classname="parameterizationTestNG.DataProviders"/>
</testsuite> <!-- parameterizationTestNG.DataProviders -->
