<?xml version="1.0" encoding="UTF-8"?>
<!-- Generated by org.testng.reporters.JUnitReportReporter -->
<testsuite skipped="0" hostname="DESKTOP-AVN7JFN" name="parameterizationTestNG.TestInvocation" tests="5" failures="0" timestamp="25 Mar 2020 20:57:37 GMT" time="141.320" errors="0">
  <testcase name="executeTest" time="28.264" classname="parameterizationTestNG.TestInvocation"/>
  <testcase name="executeTest" time="28.264" classname="parameterizationTestNG.TestInvocation"/>
  <testcase name="executeTest" time="28.264" classname="parameterizationTestNG.TestInvocation"/>
  <testcase name="executeTest" time="28.264" classname="parameterizationTestNG.TestInvocation"/>
  <testcase name="executeTest" time="28.264" classname="parameterizationTestNG.TestInvocation"/>
</testsuite> <!-- parameterizationTestNG.TestInvocation -->
