<?xml version="1.0" encoding="UTF-8"?>
<!-- Generated by org.testng.reporters.JUnitReportReporter -->
<testsuite skipped="0" hostname="DESKTOP-AVN7JFN" name="com.mycompany.app.testng.TestCase3TestNG" tests="1" failures="0" timestamp="22 Mar 2020 23:10:15 GMT" time="0.012" errors="0">
  <testcase name="forthTest" time="0.012" classname="com.mycompany.app.testng.TestCase3TestNG"/>
</testsuite> <!-- com.mycompany.app.testng.TestCase3TestNG -->
