<?xml version="1.0" encoding="UTF-8"?>
<!-- Generated by org.testng.reporters.JUnitReportReporter -->
<testsuite skipped="0" hostname="DESKTOP-AVN7JFN" name="parameterization.TestparameterizationExcel" tests="2" failures="0" timestamp="24 Mar 2020 19:05:37 GMT" time="0.015" errors="0">
  <testcase name="doLogin" time="0.013" classname="parameterization.TestparameterizationExcel"/>
  <testcase name="doLogin" time="0.002" classname="parameterization.TestparameterizationExcel"/>
</testsuite> <!-- parameterization.TestparameterizationExcel -->
