<?xml version="1.0" encoding="UTF-8"?>
<!-- Generated by org.testng.reporters.JUnitReportReporter -->
<testsuite skipped="0" hostname="DESKTOP-AVN7JFN" name="parameterization.Testparameterization" tests="3" failures="0" timestamp="24 Mar 2020 16:29:57 GMT" time="0.031" errors="0">
  <testcase name="doLogin" time="0.004" classname="parameterization.Testparameterization"/>
  <testcase name="doLogin" time="0.002" classname="parameterization.Testparameterization"/>
  <testcase name="doLogin" time="0.025" classname="parameterization.Testparameterization"/>
</testsuite> <!-- parameterization.Testparameterization -->
