<?xml version="1.0" encoding="UTF-8"?>
<!-- Generated by org.testng.reporters.JUnitReportReporter -->
<testsuite skipped="0" hostname="DESKTOP-AVN7JFN" name="parameterizationTestNG.NewLoginTest" tests="4" failures="0" timestamp="25 Mar 2020 02:28:43 GMT" time="0.026" errors="0">
  <testcase name="testUserReg" time="0.004" classname="parameterizationTestNG.NewLoginTest"/>
  <testcase name="testLogin" time="0.005" classname="parameterizationTestNG.NewLoginTest"/>
  <testcase name="testLogin" time="0.014" classname="parameterizationTestNG.NewLoginTest"/>
  <testcase name="testUserReg" time="0.003" classname="parameterizationTestNG.NewLoginTest"/>
</testsuite> <!-- parameterizationTestNG.NewLoginTest -->
