<?xml version="1.0" encoding="UTF-8"?>
<!-- Generated by org.testng.reporters.JUnitReportReporter -->
<testsuite skipped="0" hostname="DESKTOP-AVN7JFN" name="parameterizationTestNG.ParallelTest" tests="2" failures="0" timestamp="25 Mar 2020 19:49:41 GMT" time="4.056" errors="0">
  <testcase name="doLogin" time="2.028" classname="parameterizationTestNG.ParallelTest"/>
  <testcase name="doLogin" time="2.028" classname="parameterizationTestNG.ParallelTest"/>
</testsuite> <!-- parameterizationTestNG.ParallelTest -->
