<?xml version="1.0" encoding="UTF-8"?>
<!-- Generated by org.testng.reporters.JUnitReportReporter -->
<testsuite skipped="0" hostname="DESKTOP-AVN7JFN" name="parameterizationTestNG.TestNGXMLParameterization" tests="2" failures="0" timestamp="25 Mar 2020 18:47:46 GMT" time="0.018" errors="0">
  <testcase name="getBrowser" time="0.004" classname="parameterizationTestNG.TestNGXMLParameterization"/>
  <testcase name="getBrowser" time="0.014" classname="parameterizationTestNG.TestNGXMLParameterization"/>
</testsuite> <!-- parameterizationTestNG.TestNGXMLParameterization -->
