<?xml version="1.0" encoding="UTF-8"?>
<!-- Generated by org.testng.reporters.JUnitReportReporter -->
<testsuite skipped="0" hostname="DESKTOP-AVN7JFN" name="com.mycompany.app.TestNGPractise" tests="2" failures="0" timestamp="21 Mar 2020 19:24:08 GMT" time="0.018" errors="0">
  <testcase name="UserLogin" time="0.016" classname="com.mycompany.app.TestNGPractise"/>
  <testcase name="LoginDetails" time="0.002" classname="com.mycompany.app.TestNGPractise"/>
</testsuite> <!-- com.mycompany.app.TestNGPractise -->
