<?xml version="1.0" encoding="UTF-8"?>
<!-- Generated by org.testng.reporters.JUnitReportReporter -->
<testsuite skipped="0" hostname="DESKTOP-AVN7JFN" name="parameterization.TestparameterizationHarsh" tests="2" failures="0" timestamp="25 Mar 2020 00:35:21 GMT" time="0.015" errors="0">
  <testcase name="testData" time="0.002" classname="parameterization.TestparameterizationHarsh"/>
  <testcase name="testData" time="0.013" classname="parameterization.TestparameterizationHarsh"/>
</testsuite> <!-- parameterization.TestparameterizationHarsh -->
