<?xml version="1.0" encoding="UTF-8"?>
<!-- Generated by org.testng.reporters.JUnitReportReporter -->
<testsuite skipped="0" hostname="DESKTOP-AVN7JFN" name="com.mycompany.app.testng.TestNGPractise" tests="2" failures="0" timestamp="22 Mar 2020 18:13:23 GMT" time="0.005" errors="0">
  <testcase name="UserLogin" time="0.002" classname="com.mycompany.app.testng.TestNGPractise"/>
  <testcase name="LoginDetails" time="0.003" classname="com.mycompany.app.testng.TestNGPractise"/>
</testsuite> <!-- com.mycompany.app.testng.TestNGPractise -->
