<?xml version="1.0" encoding="UTF-8"?>
<!-- Generated by org.testng.reporters.JUnitReportReporter -->
<testsuite skipped="0" hostname="DESKTOP-AVN7JFN" name="com.mycompany.app.TestNGBasic" tests="1" failures="0" timestamp="15 Mar 2020 22:25:30 GMT" time="0.025" errors="0">
  <testcase name="test1" time="0.025" classname="com.mycompany.app.TestNGBasic"/>
</testsuite> <!-- com.mycompany.app.TestNGBasic -->
