<?xml version="1.0" encoding="UTF-8"?>
<!-- Generated by org.testng.reporters.JUnitReportReporter -->
<testsuite skipped="0" hostname="DESKTOP-AVN7JFN" name="packFramework.TestCases" tests="3" failures="0" timestamp="09 Apr 2020 22:27:20 GMT" time="6.170" errors="0">
  <testcase name="Login" time="2.140" classname="packFramework.TestCases"/>
  <testcase name="SearchUser" time="3.307" classname="packFramework.TestCases"/>
  <testcase name="Logout" time="0.723" classname="packFramework.TestCases"/>
</testsuite> <!-- packFramework.TestCases -->
